#
# A fatal error has been detected by the Java Runtime Environment:
#
#  EXCEPTION_ACCESS_VIOLATION (0xc0000005) at pc=0x000000006f62f720, pid=4092, tid=0x000000000000086c
#
# JRE version: Java(TM) SE Runtime Environment (8.0_101-b13) (build 1.8.0_101-b13)
# Java VM: Java HotSpot(TM) 64-Bit Server VM (25.101-b13 mixed mode windows-amd64 compressed oops)
# Problematic frame:
# V  [jvm.dll+0xaf720]
#
# Failed to write core dump. Minidumps are not enabled by default on client versions of Windows
#
# If you would like to submit a bug report, please visit:
#   http://bugreport.java.com/bugreport/crash.jsp
#

---------------  T H R E A D  ---------------

Current thread (0x00000000026bd800):  GCTaskThread [stack: 0x00000000123d0000,0x00000000124d0000] [id=2156]

siginfo: ExceptionCode=0xc0000005, reading address 0x0000000000000008

Registers:
RAX=0x00000000128e0000, RBX=0x00000000a3e71380, RCX=0x00000000a3e71380, RDX=0x0000000000000000
RSP=0x00000000124cf0b8, RBP=0x00000000564ea760, RSI=0x00000000a3b51450, RDI=0x00000000a3e71380
R8 =0x000000000001f389, R9 =0x0000000000000000, R10=0x000000000000000c, R11=0x0000000000000000
R12=0x00000000a3b51560, R13=0x0000000000000046, R14=0x00000000a3b51438, R15=0x0000000000000046
RIP=0x000000006f62f720, EFLAGS=0x0000000000010246

Top of Stack: (sp=0x00000000124cf0b8)
0x00000000124cf0b8:   000000006f68acb7 00000000a3a6a608
0x00000000124cf0c8:   000000006f97b988 000000006fd9a6d0
0x00000000124cf0d8:   0000000000000007 00000000a3e71380
0x00000000124cf0e8:   000000006f6ba2fa 0000000000003b90
0x00000000124cf0f8:   000000006f694716 00000000a3a6a608
0x00000000124cf108:   00000000a3a6a5fc 00000000564ea760
0x00000000124cf118:   000000006f6ba403 0000000000000000
0x00000000124cf128:   00000000000003d8 00000000026be0c8
0x00000000124cf138:   00000000564554a0 0000000000003b90
0x00000000124cf148:   000000006f977a50 00000000564ea760
0x00000000124cf158:   00000000026ba420 00000000026bdcf0
0x00000000124cf168:   00000000026bdcf0 0000000000000000
0x00000000124cf178:   03030000fffffcff 0303030303030303
0x00000000124cf188:   0000030303030303 0000000000000000
0x00000000124cf198:   000000005c60f000 0000000000000001
0x00000000124cf1a8:   000000006f980101 0000c9ecc2b3858f 

Instructions: (pc=0x000000006f62f720)
0x000000006f62f700:   0c b7 1d 00 48 8b 9c 24 d0 00 00 00 48 81 c4 c0
0x000000006f62f710:   00 00 00 5d c3 cc cc cc cc cc cc cc cc cc cc cc
0x000000006f62f720:   44 8b 42 08 4c 8b ca 45 85 c0 7e 0e 41 f6 c0 01
0x000000006f62f730:   75 57 41 c1 f8 03 41 8b c0 c3 79 4d 80 3d 2e bc 


Register to memory mapping:

RAX=0x00000000128e0000 is an unknown value
RBX=0x00000000a3e71380 is pointing into object: 0x00000000a3e71370
java.util.HashMap$Node 
 - klass: 'java/util/HashMap$Node'
RCX=0x00000000a3e71380 is pointing into object: 0x00000000a3e71370
java.util.HashMap$Node 
 - klass: 'java/util/HashMap$Node'
RDX=0x0000000000000000 is an unknown value
RSP=0x00000000124cf0b8 is an unknown value
RBP=0x00000000564ea760 is an unknown value
RSI=0x00000000a3b51450 is pointing into object: 0x00000000a3b51438
[Ljava.lang.Object; 
 - klass: 'java/lang/Object'[]
 - length: 70
RDI=0x00000000a3e71380 is pointing into object: 0x00000000a3e71370
java.util.HashMap$Node 
 - klass: 'java/util/HashMap$Node'
R8 =0x000000000001f389 is an unknown value
R9 =0x0000000000000000 is an unknown value
R10=0x000000000000000c is an unknown value
R11=0x0000000000000000 is an unknown value
R12=0x00000000a3b51560 is an oop
[Ljava.lang.Object; 
 - klass: 'java/lang/Object'[]
 - length: 128
R13=0x0000000000000046 is an unknown value
R14=0x00000000a3b51438 is an oop
[Ljava.lang.Object; 
 - klass: 'java/lang/Object'[]
 - length: 70
R15=0x0000000000000046 is an unknown value


Stack: [0x00000000123d0000,0x00000000124d0000],  sp=0x00000000124cf0b8,  free space=1020k
Native frames: (J=compiled Java code, j=interpreted, Vv=VM code, C=native code)
V  [jvm.dll+0xaf720]


---------------  P R O C E S S  ---------------

Java Threads: ( => current thread )
  0x000000005c60f000 JavaThread "pool-186-thread-4" [_thread_blocked, id=5052, stack(0x0000000069480000,0x0000000069580000)]
  0x000000005c60c000 JavaThread "pool-186-thread-3" [_thread_blocked, id=5040, stack(0x00000000655e0000,0x00000000656e0000)]
  0x000000005c5aa000 JavaThread "pool-186-thread-2" [_thread_blocked, id=5044, stack(0x0000000069370000,0x0000000069470000)]
  0x000000005c5aa800 JavaThread "pool-187-thread-1" [_thread_blocked, id=4956, stack(0x0000000069180000,0x0000000069280000)]
  0x000000005c5a9000 JavaThread "pool-186-thread-1" [_thread_blocked, id=4952, stack(0x000000005ca80000,0x000000005cb80000)]
  0x000000005c5ab800 JavaThread "pool-184-thread-1" [_thread_blocked, id=4792, stack(0x0000000068fe0000,0x00000000690e0000)]
  0x000000005c2a1800 JavaThread "Cache worker for Java compile cache (E:\code_repository\car\Android-kcwc\.gradle\3.5\javaCompile)" [_thread_blocked, id=4860, stack(0x0000000064050000,0x0000000064150000)]
  0x000000005c29f000 JavaThread "Cache worker for file content cache (E:\code_repository\car\Android-kcwc\.gradle\3.5\fileContent)" [_thread_blocked, id=4960, stack(0x00000000623f0000,0x00000000624f0000)]
  0x000000005c29d800 JavaThread "Cache worker for task history cache (E:\code_repository\car\Android-kcwc\.gradle\3.5\taskHistory)" [_thread_blocked, id=5000, stack(0x00000000611e0000,0x00000000612e0000)]
  0x00000000579d8000 JavaThread "Stdin handler" [_thread_blocked, id=5004, stack(0x0000000060fe0000,0x00000000610e0000)]
  0x00000000579d6800 JavaThread "Asynchronous log dispatcher for DefaultDaemonConnection: socket connection from /127.0.0.1:49238 to /127.0.0.1:56283" [_thread_blocked, id=4964, stack(0x000000005b190000,0x000000005b290000)]
  0x00000000579da000 JavaThread "Daemon worker Thread 35" [_thread_blocked, id=5024, stack(0x000000005b070000,0x000000005b170000)]
  0x00000000579dd000 JavaThread "Cancel handler" [_thread_blocked, id=5020, stack(0x00000000585d0000,0x00000000586d0000)]
  0x00000000579d8800 JavaThread "Handler for socket connection from /127.0.0.1:49238 to /127.0.0.1:56283" [_thread_in_native, id=5016, stack(0x000000005a650000,0x000000005a750000)]
  0x00000000579db800 JavaThread "Daemon Thread 35" [_thread_blocked, id=5012, stack(0x000000005aea0000,0x000000005afa0000)]
  0x000000005c610800 JavaThread "pool-8-thread-4" [_thread_blocked, id=4052, stack(0x0000000065210000,0x0000000065310000)]
  0x000000005c2a2000 JavaThread "pool-8-thread-3" [_thread_blocked, id=2228, stack(0x0000000067910000,0x0000000067a10000)]
  0x000000005c60d000 JavaThread "pool-8-thread-2" [_thread_blocked, id=4028, stack(0x0000000064e20000,0x0000000064f20000)]
  0x00000000579db000 JavaThread "pool-8-thread-1" [_thread_blocked, id=3720, stack(0x000000005aa90000,0x000000005ab90000)]
  0x00000000579d5800 JavaThread "Memory manager" [_thread_blocked, id=1396, stack(0x00000000610e0000,0x00000000611e0000)]
  0x00000000579d5000 JavaThread "pool-1-thread-1" [_thread_blocked, id=3232, stack(0x000000005f770000,0x000000005f870000)]
  0x00000000579d2800 JavaThread "Cache worker for Artifact transforms cache (C:\Users\Administrator\.gradle\caches\transforms-1)" [_thread_blocked, id=3144, stack(0x000000005dff0000,0x000000005e0f0000)]
  0x00000000579d1000 JavaThread "File lock request listener" [_thread_in_native, id=2240, stack(0x000000005b530000,0x000000005b630000)]
  0x00000000579d0000 JavaThread "Cache worker for file hash cache (C:\Users\Administrator\.gradle\caches\3.5\fileHashes)" [_thread_blocked, id=1392, stack(0x000000005b3e0000,0x000000005b4e0000)]
  0x0000000057c74800 JavaThread "Daemon periodic checks" [_thread_blocked, id=2204, stack(0x000000005a960000,0x000000005aa60000)]
  0x0000000059986000 JavaThread "Incoming local TCP Connector on port 49238" [_thread_in_native, id=3248, stack(0x000000005a790000,0x000000005a890000)]
  0x0000000057bee000 JavaThread "Daemon health stats" [_thread_blocked, id=3244, stack(0x0000000059080000,0x0000000059180000)]
  0x0000000057a60000 JavaThread "Service Thread" daemon [_thread_blocked, id=3068, stack(0x00000000584c0000,0x00000000585c0000)]
  0x00000000579ce000 JavaThread "C1 CompilerThread2" daemon [_thread_blocked, id=3168, stack(0x00000000582e0000,0x00000000583e0000)]
  0x00000000579b8000 JavaThread "C2 CompilerThread1" daemon [_thread_blocked, id=2376, stack(0x0000000057500000,0x0000000057600000)]
  0x00000000579aa800 JavaThread "C2 CompilerThread0" daemon [_thread_blocked, id=2428, stack(0x0000000058120000,0x0000000058220000)]
  0x00000000565dd800 JavaThread "Attach Listener" daemon [_thread_blocked, id=964, stack(0x0000000057fa0000,0x00000000580a0000)]
  0x00000000565d0800 JavaThread "Signal Dispatcher" daemon [_thread_blocked, id=1456, stack(0x0000000057df0000,0x0000000057ef0000)]
  0x00000000565bc000 JavaThread "Finalizer" daemon [_thread_blocked, id=1816, stack(0x00000000577a0000,0x00000000578a0000)]
  0x0000000056575000 JavaThread "Reference Handler" daemon [_thread_blocked, id=2532, stack(0x00000000578a0000,0x00000000579a0000)]
  0x000000000266d800 JavaThread "main" [_thread_blocked, id=1464, stack(0x0000000002800000,0x0000000002900000)]

Other Threads:
  0x000000005656e000 VMThread [stack: 0x0000000057670000,0x0000000057770000] [id=2004]
  0x0000000057a9e800 WatcherThread [stack: 0x00000000586d0000,0x00000000587d0000] [id=2232]

=>0x00000000026bd800 (exited) GCTaskThread [stack: 0x00000000123d0000,0x00000000124d0000] [id=2156]

VM state:at safepoint (normal execution)

VM Mutex/Monitor currently owned by a thread:  ([mutex/lock_event])
[0x000000000266bc00] Threads_lock - owner thread: 0x000000005656e000
[0x000000000266c100] Heap_lock - owner thread: 0x00000000579db000

Heap:
 PSYoungGen      total 412160K, used 59825K [0x00000000e0000000, 0x0000000100000000, 0x0000000100000000)
  eden space 352256K, 0% used [0x00000000e0000000,0x00000000e0000000,0x00000000f5800000)
  from space 59904K, 99% used [0x00000000f5800000,0x00000000f926c4b0,0x00000000f9280000)
  to   space 89088K, 0% used [0x00000000fa900000,0x00000000fa900000,0x0000000100000000)
 ParOldGen       total 378880K, used 375804K [0x00000000a0000000, 0x00000000b7200000, 0x00000000e0000000)
  object space 378880K, 99% used [0x00000000a0000000,0x00000000b6eff0d8,0x00000000b7200000)
 Metaspace       used 85907K, capacity 93567K, committed 94936K, reserved 1132544K
  class space    used 10768K, capacity 11638K, committed 12032K, reserved 1048576K

Card table byte_map: [0x0000000011cc0000,0x0000000011fd0000] byte_map_base: 0x00000000117c0000

Marking Bits: (ParMarkBitMap*) 0x000000006fd9a6d0
 Begin Bits: [0x00000000128e0000, 0x00000000140e0000)
 End Bits:   [0x00000000140e0000, 0x00000000158e0000)

Polling page: 0x0000000000130000

CodeCache: size=245760Kb used=95877Kb max_used=95882Kb free=149882Kb
 bounds [0x0000000002900000, 0x0000000008750000, 0x0000000011900000]
 total_blobs=24920 nmethods=24093 adapters=735
 compilation: enabled

Compilation events (10 events):
Event: 15858.725 Thread 0x00000000579b8000 35251       4       com.android.dx.command.dexer.Main::access$3000 (6 bytes)
Event: 15858.725 Thread 0x00000000579aa800 35252       4       com.android.dx.command.dexer.Main::updateStatus (11 bytes)
Event: 15858.725 Thread 0x00000000579ce000 35253   !   3       com.android.dx.command.dexer.Main$ClassDefItemConsumer::call (241 bytes)
Event: 15858.726 Thread 0x00000000579aa800 nmethod 35252 0x0000000003f80690 code [0x0000000003f807c0, 0x0000000003f80818]
Event: 15858.726 Thread 0x00000000579b8000 nmethod 35251 0x00000000053ac250 code [0x00000000053ac380, 0x00000000053ac3d8]
Event: 15858.726 Thread 0x00000000579ce000 nmethod 35253 0x000000000730bed0 code [0x000000000730c140, 0x000000000730d4e8]
Event: 15858.760 Thread 0x00000000579ce000 35254   !   3       com.android.dx.cf.attrib.BaseParameterAnnotations::<init> (48 bytes)
Event: 15858.761 Thread 0x00000000579ce000 nmethod 35254 0x0000000005fcc1d0 code [0x0000000005fcc380, 0x0000000005fcc968]
Event: 15858.962 Thread 0x00000000579ce000 35255       3       com.android.dx.ssa.back.FirstFitLocalCombiningAllocator::tryMapReg (41 bytes)
Event: 15858.963 Thread 0x00000000579ce000 nmethod 35255 0x00000000085ddfd0 code [0x00000000085de200, 0x00000000085def88]

GC Heap History (10 events):
Event: 15622.728 GC heap after
Heap after GC invocations=233 (full 26):
 PSYoungGen      total 435712K, used 8176K [0x00000000e0000000, 0x00000000ffb00000, 0x0000000100000000)
  eden space 352256K, 0% used [0x00000000e0000000,0x00000000e0000000,0x00000000f5800000)
  from space 83456K, 9% used [0x00000000f5800000,0x00000000f5ffc010,0x00000000fa980000)
  to   space 83456K, 0% used [0x00000000fa980000,0x00000000fa980000,0x00000000ffb00000)
 ParOldGen       total 378880K, used 297687K [0x00000000a0000000, 0x00000000b7200000, 0x00000000e0000000)
  object space 378880K, 78% used [0x00000000a0000000,0x00000000b22b5ec8,0x00000000b7200000)
 Metaspace       used 85734K, capacity 93241K, committed 94680K, reserved 1132544K
  class space    used 10744K, capacity 11601K, committed 12032K, reserved 1048576K
}
Event: 15856.337 GC heap before
{Heap before GC invocations=234 (full 26):
 PSYoungGen      total 435712K, used 360432K [0x00000000e0000000, 0x00000000ffb00000, 0x0000000100000000)
  eden space 352256K, 100% used [0x00000000e0000000,0x00000000f5800000,0x00000000f5800000)
  from space 83456K, 9% used [0x00000000f5800000,0x00000000f5ffc010,0x00000000fa980000)
  to   space 83456K, 0% used [0x00000000fa980000,0x00000000fa980000,0x00000000ffb00000)
 ParOldGen       total 378880K, used 297687K [0x00000000a0000000, 0x00000000b7200000, 0x00000000e0000000)
  object space 378880K, 78% used [0x00000000a0000000,0x00000000b22b5ec8,0x00000000b7200000)
 Metaspace       used 85841K, capacity 93411K, committed 94936K, reserved 1132544K
  class space    used 10753K, capacity 11612K, committed 12032K, reserved 1048576K
Event: 15856.346 GC heap after
Heap after GC invocations=234 (full 26):
 PSYoungGen      total 437760K, used 12267K [0x00000000e0000000, 0x00000000ffc00000, 0x0000000100000000)
  eden space 354304K, 0% used [0x00000000e0000000,0x00000000e0000000,0x00000000f5a00000)
  from space 83456K, 14% used [0x00000000fa980000,0x00000000fb57ad68,0x00000000ffb00000)
  to   space 81408K, 0% used [0x00000000f5a00000,0x00000000f5a00000,0x00000000fa980000)
 ParOldGen       total 378880K, used 297695K [0x00000000a0000000, 0x00000000b7200000, 0x00000000e0000000)
  object space 378880K, 78% used [0x00000000a0000000,0x00000000b22b7ec8,0x00000000b7200000)
 Metaspace       used 85841K, capacity 93411K, committed 94936K, reserved 1132544K
  class space    used 10753K, capacity 11612K, committed 12032K, reserved 1048576K
}
Event: 15858.506 GC heap before
{Heap before GC invocations=235 (full 26):
 PSYoungGen      total 437760K, used 366571K [0x00000000e0000000, 0x00000000ffc00000, 0x0000000100000000)
  eden space 354304K, 100% used [0x00000000e0000000,0x00000000f5a00000,0x00000000f5a00000)
  from space 83456K, 14% used [0x00000000fa980000,0x00000000fb57ad68,0x00000000ffb00000)
  to   space 81408K, 0% used [0x00000000f5a00000,0x00000000f5a00000,0x00000000fa980000)
 ParOldGen       total 378880K, used 297695K [0x00000000a0000000, 0x00000000b7200000, 0x00000000e0000000)
  object space 378880K, 78% used [0x00000000a0000000,0x00000000b22b7ec8,0x00000000b7200000)
 Metaspace       used 85900K, capacity 93567K, committed 94936K, reserved 1132544K
  class space    used 10768K, capacity 11638K, committed 12032K, reserved 1048576K
Event: 15858.532 GC heap after
Heap after GC invocations=235 (full 26):
 PSYoungGen      total 435712K, used 25213K [0x00000000e0000000, 0x00000000ff600000, 0x0000000100000000)
  eden space 354304K, 0% used [0x00000000e0000000,0x00000000e0000000,0x00000000f5a00000)
  from space 81408K, 30% used [0x00000000f5a00000,0x00000000f729f5c0,0x00000000fa980000)
  to   space 77312K, 0% used [0x00000000faa80000,0x00000000faa80000,0x00000000ff600000)
 ParOldGen       total 378880K, used 306793K [0x00000000a0000000, 0x00000000b7200000, 0x00000000e0000000)
  object space 378880K, 80% used [0x00000000a0000000,0x00000000b2b9a678,0x00000000b7200000)
 Metaspace       used 85900K, capacity 93567K, committed 94936K, reserved 1132544K
  class space    used 10768K, capacity 11638K, committed 12032K, reserved 1048576K
}
Event: 15858.846 GC heap before
{Heap before GC invocations=236 (full 26):
 PSYoungGen      total 435712K, used 379517K [0x00000000e0000000, 0x00000000ff600000, 0x0000000100000000)
  eden space 354304K, 100% used [0x00000000e0000000,0x00000000f5a00000,0x00000000f5a00000)
  from space 81408K, 30% used [0x00000000f5a00000,0x00000000f729f5c0,0x00000000fa980000)
  to   space 77312K, 0% used [0x00000000faa80000,0x00000000faa80000,0x00000000ff600000)
 ParOldGen       total 378880K, used 306793K [0x00000000a0000000, 0x00000000b7200000, 0x00000000e0000000)
  object space 378880K, 80% used [0x00000000a0000000,0x00000000b2b9a678,0x00000000b7200000)
 Metaspace       used 85907K, capacity 93567K, committed 94936K, reserved 1132544K
  class space    used 10768K, capacity 11638K, committed 12032K, reserved 1048576K
Event: 15858.899 GC heap after
Heap after GC invocations=236 (full 26):
 PSYoungGen      total 429568K, used 61664K [0x00000000e0000000, 0x0000000100000000, 0x0000000100000000)
  eden space 352256K, 0% used [0x00000000e0000000,0x00000000e0000000,0x00000000f5800000)
  from space 77312K, 79% used [0x00000000faa80000,0x00000000fe6b8398,0x00000000ff600000)
  to   space 84480K, 0% used [0x00000000f5800000,0x00000000f5800000,0x00000000faa80000)
 ParOldGen       total 378880K, used 314538K [0x00000000a0000000, 0x00000000b7200000, 0x00000000e0000000)
  object space 378880K, 83% used [0x00000000a0000000,0x00000000b332a828,0x00000000b7200000)
 Metaspace       used 85907K, capacity 93567K, committed 94936K, reserved 1132544K
  class space    used 10768K, capacity 11638K, committed 12032K, reserved 1048576K
}
Event: 15859.074 GC heap before
{Heap before GC invocations=237 (full 26):
 PSYoungGen      total 429568K, used 413920K [0x00000000e0000000, 0x0000000100000000, 0x0000000100000000)
  eden space 352256K, 100% used [0x00000000e0000000,0x00000000f5800000,0x00000000f5800000)
  from space 77312K, 79% used [0x00000000faa80000,0x00000000fe6b8398,0x00000000ff600000)
  to   space 84480K, 0% used [0x00000000f5800000,0x00000000f5800000,0x00000000faa80000)
 ParOldGen       total 378880K, used 314538K [0x00000000a0000000, 0x00000000b7200000, 0x00000000e0000000)
  object space 378880K, 83% used [0x00000000a0000000,0x00000000b332a828,0x00000000b7200000)
 Metaspace       used 85907K, capacity 93567K, committed 94936K, reserved 1132544K
  class space    used 10768K, capacity 11638K, committed 12032K, reserved 1048576K
Event: 15859.154 GC heap after
Heap after GC invocations=237 (full 26):
 PSYoungGen      total 412160K, used 59825K [0x00000000e0000000, 0x0000000100000000, 0x0000000100000000)
  eden space 352256K, 0% used [0x00000000e0000000,0x00000000e0000000,0x00000000f5800000)
  from space 59904K, 99% used [0x00000000f5800000,0x00000000f926c4b0,0x00000000f9280000)
  to   space 89088K, 0% used [0x00000000fa900000,0x00000000fa900000,0x0000000100000000)
 ParOldGen       total 378880K, used 375804K [0x00000000a0000000, 0x00000000b7200000, 0x00000000e0000000)
  object space 378880K, 99% used [0x00000000a0000000,0x00000000b6eff0d8,0x00000000b7200000)
 Metaspace       used 85907K, capacity 93567K, committed 94936K, reserved 1132544K
  class space    used 10768K, capacity 11638K, committed 12032K, reserved 1048576K
}
Event: 15859.154 GC heap before
{Heap before GC invocations=238 (full 27):
 PSYoungGen      total 412160K, used 59825K [0x00000000e0000000, 0x0000000100000000, 0x0000000100000000)
  eden space 352256K, 0% used [0x00000000e0000000,0x00000000e0000000,0x00000000f5800000)
  from space 59904K, 99% used [0x00000000f5800000,0x00000000f926c4b0,0x00000000f9280000)
  to   space 89088K, 0% used [0x00000000fa900000,0x00000000fa900000,0x0000000100000000)
 ParOldGen       total 378880K, used 375804K [0x00000000a0000000, 0x00000000b7200000, 0x00000000e0000000)
  object space 378880K, 99% used [0x00000000a0000000,0x00000000b6eff0d8,0x00000000b7200000)
 Metaspace       used 85907K, capacity 93567K, committed 94936K, reserved 1132544K
  class space    used 10768K, capacity 11638K, committed 12032K, reserved 1048576K

Deoptimization events (10 events):
Event: 12550.483 Thread 0x000000005c5aa800 Uncommon trap: reason=array_check action=maybe_recompile pc=0x00000000085df4a4 method=java.util.ComparableTimSort.mergeHi(IIII)V @ 171
Event: 12584.625 Thread 0x00000000579d8000 Uncommon trap: reason=unstable_if action=reinterpret pc=0x0000000004bc33e4 method=java.util.concurrent.locks.ReentrantLock$FairSync.tryAcquire(I)Z @ 26
Event: 12585.652 Thread 0x000000005c5ab800 Uncommon trap: reason=array_check action=maybe_recompile pc=0x00000000085df4a4 method=java.util.ComparableTimSort.mergeHi(IIII)V @ 171
Event: 12587.870 Thread 0x00000000579db800 Uncommon trap: reason=unstable_if action=reinterpret pc=0x00000000045893b0 method=java.math.MutableBigInteger.mul(ILjava/math/MutableBigInteger;)V @ 2
Event: 13018.012 Thread 0x0000000057c74800 Uncommon trap: reason=unstable_if action=reinterpret pc=0x0000000006681a08 method=java.text.DecimalFormat.format(JLjava/lang/StringBuffer;Ljava/text/Format$FieldDelegate;)Ljava/lang/StringBuffer; @ 136
Event: 13018.012 Thread 0x0000000057c74800 Uncommon trap: reason=unstable_if action=reinterpret pc=0x000000000642a65c method=java.text.DigitList.isZero()Z @ 7
Event: 13018.012 Thread 0x0000000057c74800 Uncommon trap: reason=unstable_if action=reinterpret pc=0x0000000002b976bc method=java.text.DecimalFormat.format(JLjava/lang/StringBuffer;Ljava/text/Format$FieldDelegate;)Ljava/lang/StringBuffer; @ 136
Event: 15617.187 Thread 0x00000000579db800 Uncommon trap: reason=unstable_if action=reinterpret pc=0x0000000004f64d7c method=sun.misc.FloatingDecimal$BinaryToASCIIBuffer.getChars([C)I @ 94
Event: 15617.641 Thread 0x00000000579d8800 Uncommon trap: reason=null_check action=make_not_entrant pc=0x00000000086e9298 method=org.gradle.api.internal.artifacts.ivyservice.ivyresolve.parser.GradlePomModuleDescriptorParser.isDependencyImportScoped(Lorg/gradle/api/internal/artifacts/ivyservice/ivyrCP³YùÎ@
Event: 15858.701 Thread 0x000000005c5aa800 Uncommon trap: reason=unstable_if action=reinterpret pc=0x0000000007892a00 method=java.util.concurrent.FutureTask.awaitDone(ZJ)I @ 70

Internal exceptions (10 events):
Event: 15856.148 Thread 0x00000000579da000 Exception <a 'sun/nio/fs/WindowsException'> (0x00000000f1a04ad0) thrown at [C:\re\workspace\8-2-build-windows-amd64-cygwin\jdk8u101\7261\hotspot\src\share\vm\prims\jni.cpp, line 709]
Event: 15856.148 Thread 0x00000000579da000 Exception <a 'sun/nio/fs/WindowsException'> (0x00000000f1a05608) thrown at [C:\re\workspace\8-2-build-windows-amd64-cygwin\jdk8u101\7261\hotspot\src\share\vm\prims\jni.cpp, line 709]
Event: 15856.148 Thread 0x00000000579da000 Exception <a 'sun/nio/fs/WindowsException'> (0x00000000f1a07c70) thrown at [C:\re\workspace\8-2-build-windows-amd64-cygwin\jdk8u101\7261\hotspot\src\share\vm\prims\jni.cpp, line 709]
Event: 15856.148 Thread 0x00000000579da000 Exception <a 'sun/nio/fs/WindowsException'> (0x00000000f1a087e0) thrown at [C:\re\workspace\8-2-build-windows-amd64-cygwin\jdk8u101\7261\hotspot\src\share\vm\prims\jni.cpp, line 709]
Event: 15856.148 Thread 0x00000000579da000 Exception <a 'sun/nio/fs/WindowsException'> (0x00000000f1a0a380) thrown at [C:\re\workspace\8-2-build-windows-amd64-cygwin\jdk8u101\7261\hotspot\src\share\vm\prims\jni.cpp, line 709]
Event: 15856.148 Thread 0x00000000579da000 Exception <a 'sun/nio/fs/WindowsException'> (0x00000000f1a0af30) thrown at [C:\re\workspace\8-2-build-windows-amd64-cygwin\jdk8u101\7261\hotspot\src\share\vm\prims\jni.cpp, line 709]
Event: 15856.148 Thread 0x00000000579da000 Exception <a 'sun/nio/fs/WindowsException'> (0x00000000f1a0dc28) thrown at [C:\re\workspace\8-2-build-windows-amd64-cygwin\jdk8u101\7261\hotspot\src\share\vm\prims\jni.cpp, line 709]
Event: 15856.148 Thread 0x00000000579da000 Exception <a 'sun/nio/fs/WindowsException'> (0x00000000f1a0e658) thrown at [C:\re\workspace\8-2-build-windows-amd64-cygwin\jdk8u101\7261\hotspot\src\share\vm\prims\jni.cpp, line 709]
Event: 15856.148 Thread 0x00000000579da000 Exception <a 'sun/nio/fs/WindowsException'> (0x00000000f1a100b8) thrown at [C:\re\workspace\8-2-build-windows-amd64-cygwin\jdk8u101\7261\hotspot\src\share\vm\prims\jni.cpp, line 709]
Event: 15856.148 Thread 0x00000000579da000 Exception <a 'sun/nio/fs/WindowsException'> (0x00000000f1a10b28) thrown at [C:\re\workspace\8-2-build-windows-amd64-cygwin\jdk8u101\7261\hotspot\src\share\vm\prims\jni.cpp, line 709]

Events (10 events):
Event: 15858.684 Executing VM operation: RevokeBias
Event: 15858.684 Executing VM operation: RevokeBias done
Event: 15858.684 Executing VM operation: RevokeBias
Event: 15858.684 Executing VM operation: RevokeBias done
Event: 15858.701 Thread 0x000000005c5aa800 Uncommon trap: trap_request=0xffffff65 fr.pc=0x0000000007892a00
Event: 15858.701 Thread 0x000000005c5aa800 DEOPT PACKING pc=0x0000000007892a00 sp=0x000000006927f2a0
Event: 15858.701 Thread 0x000000005c5aa800 DEOPT UNPACKING pc=0x000000000294582a sp=0x000000006927f168 mode 2
Event: 15858.846 Executing VM operation: ParallelGCFailedAllocation
Event: 15858.899 Executing VM operation: ParallelGCFailedAllocation done
Event: 15859.074 Executing VM operation: ParallelGCFailedAllocation


Dynamic libraries:
0x000000013fb60000 - 0x000000013fb97000 	E:\dev\jdk\jdk8\bin\java.exe
0x0000000077580000 - 0x000000007772a000 	C:\Windows\SYSTEM32\ntdll.dll
0x00000000770f0000 - 0x000000007720f000 	C:\Windows\system32\kernel32.dll
0x000007fefdbb0000 - 0x000007fefdc1a000 	C:\Windows\system32\KERNELBASE.dll
0x000007fefe730000 - 0x000007fefe80b000 	C:\Windows\system32\ADVAPI32.dll
0x000007fefe450000 - 0x000007fefe4ef000 	C:\Windows\system32\msvcrt.dll
0x000007fefe0c0000 - 0x000007fefe0df000 	C:\Windows\SYSTEM32\sechost.dll
0x000007fefdc20000 - 0x000007fefdd4d000 	C:\Windows\system32\RPCRT4.dll
0x0000000076eb0000 - 0x0000000076faa000 	C:\Windows\system32\USER32.dll
0x000007feff740000 - 0x000007feff7a7000 	C:\Windows\system32\GDI32.dll
0x000007fefe720000 - 0x000007fefe72e000 	C:\Windows\system32\LPK.dll
0x000007fefdd50000 - 0x000007fefde1a000 	C:\Windows\system32\USP10.dll
0x000007fefbd10000 - 0x000007fefbf04000 	C:\Windows\WinSxS\amd64_microsoft.windows.common-controls_6595b64144ccf1df_6.0.7601.18837_none_fa3b1e3d17594757\COMCTL32.dll
0x000007fefe4f0000 - 0x000007fefe561000 	C:\Windows\system32\SHLWAPI.dll
0x000007fefe130000 - 0x000007fefe15e000 	C:\Windows\system32\IMM32.DLL
0x000007fefe570000 - 0x000007fefe679000 	C:\Windows\system32\MSCTF.dll
0x000000006fe20000 - 0x000000006fef2000 	E:\dev\jdk\jdk8\jre\bin\msvcr100.dll
0x000000006f580000 - 0x000000006fe1a000 	E:\dev\jdk\jdk8\jre\bin\server\jvm.dll
0x000007fef8830000 - 0x000007fef8839000 	C:\Windows\system32\WSOCK32.dll
0x000007fefe0e0000 - 0x000007fefe12d000 	C:\Windows\system32\WS2_32.dll
0x000007fefe160000 - 0x000007fefe168000 	C:\Windows\system32\NSI.dll
0x000007fefd8a0000 - 0x000007fefd8db000 	C:\Windows\system32\WINMM.dll
0x000007fefc910000 - 0x000007fefc91c000 	C:\Windows\system32\VERSION.dll
0x0000000077740000 - 0x0000000077747000 	C:\Windows\system32\PSAPI.DLL
0x0000000070c60000 - 0x0000000070c6f000 	E:\dev\jdk\jdk8\jre\bin\verify.dll
0x000000006ffb0000 - 0x000000006ffd9000 	E:\dev\jdk\jdk8\jre\bin\java.dll
0x000000006ff90000 - 0x000000006ffa6000 	E:\dev\jdk\jdk8\jre\bin\zip.dll
0x000007fefe9b0000 - 0x000007feff739000 	C:\Windows\system32\SHELL32.dll
0x000007fefdeb0000 - 0x000007fefe0b3000 	C:\Windows\system32\ole32.dll
0x000007fefd7b0000 - 0x000007fefd7bf000 	C:\Windows\system32\profapi.dll
0x000000006ff70000 - 0x000000006ff8a000 	E:\dev\jdk\jdk8\jre\bin\net.dll
0x000007fefd020000 - 0x000007fefd075000 	C:\Windows\system32\mswsock.dll
0x000007fefd010000 - 0x000007fefd017000 	C:\Windows\System32\wship6.dll
0x000000006ff50000 - 0x000000006ff61000 	E:\dev\jdk\jdk8\jre\bin\nio.dll
0x000007fef88c0000 - 0x000007fef88de000 	C:\Users\Administrator\.gradle\native\25\windows-amd64\native-platform.dll
0x000007fefd080000 - 0x000007fefd098000 	C:\Windows\system32\CRYPTSP.dll
0x000007fefcd80000 - 0x000007fefcdc7000 	C:\Windows\system32\rsaenh.dll
0x000007fefcaf0000 - 0x000007fefcb0e000 	C:\Windows\system32\USERENV.dll
0x000007fefd6e0000 - 0x000007fefd6ef000 	C:\Windows\system32\CRYPTBASE.dll
0x000007fefc030000 - 0x000007fefc057000 	C:\Windows\system32\IPHLPAPI.DLL
0x000007fefb710000 - 0x000007fefb71b000 	C:\Windows\system32\WINNSI.DLL
0x000007fefb030000 - 0x000007fefb041000 	C:\Windows\system32\dhcpcsvc6.DLL
0x000007fefafb0000 - 0x000007fefafc8000 	C:\Windows\system32\dhcpcsvc.DLL
0x0000000070c70000 - 0x0000000070c7d000 	E:\dev\jdk\jdk8\jre\bin\management.dll
0x000007fefd680000 - 0x000007fefd6d7000 	C:\Windows\system32\apphelp.dll
0x000000006f180000 - 0x000000006f1a4000 	E:\dev\jdk\jdk8\jre\bin\sunec.dll
0x000000006ff00000 - 0x000000006ff0b000 	E:\dev\jdk\jdk8\jre\bin\sunmscapi.dll
0x000007fefda10000 - 0x000007fefdb7d000 	C:\Windows\system32\CRYPT32.dll
0x000007fefd850000 - 0x000007fefd85f000 	C:\Windows\system32\MSASN1.dll
0x000007fefc9e0000 - 0x000007fefc9e7000 	C:\Windows\System32\wshtcpip.dll
0x000007fefcea0000 - 0x000007fefcefb000 	C:\Windows\system32\DNSAPI.dll
0x000007fefa030000 - 0x000007fefa038000 	C:\Windows\system32\rasadhlp.dll
0x000007fefb060000 - 0x000007fefb0b3000 	C:\Windows\System32\fwpuclnt.dll
0x000007fefb740000 - 0x000007fefb755000 	C:\Windows\system32\NLAapi.dll
0x000007fef96f0000 - 0x000007fef9705000 	C:\Windows\system32\napinsp.dll
0x000007fef96d0000 - 0x000007fef96e9000 	C:\Windows\system32\pnrpnsp.dll
0x000007fef96c0000 - 0x000007fef96cb000 	C:\Windows\System32\winrnr.dll
0x000007fef89c0000 - 0x000007fef8ae5000 	C:\Windows\system32\dbghelp.dll

VM Arguments:
jvm_args: -Xmx1536m -Dfile.encoding=GBK -Duser.country=CN -Duser.language=zh -Duser.variant 
java_command: org.gradle.launcher.daemon.bootstrap.GradleDaemon 3.5
java_class_path (initial): E:\dev\as\gradle\gradle-3.5\lib\gradle-launcher-3.5.jar
Launcher Type: SUN_STANDARD

Environment Variables:
PATH=E:\dev\androidsdk\tools;E:\dev\jdk\jdk8\bin;E:\dev\androidsdk\platform-tools;E:\software\Git\bin;C:\Windows\system32;C:\Windows;C:\Windows\System32\Wbem;C:\Windows\System32\WindowsPowerShell\v1.0\;E:\software\bin
USERNAME=Administrator
OS=Windows_NT
PROCESSOR_IDENTIFIER=Intel64 Family 6 Model 60 Stepping 3, GenuineIntel



---------------  S Y S T E M  ---------------

OS: Windows 7 , 64 bit Build 7601 (6.1.7601.23539)

CPU:total 4 (4 cores per cpu, 1 threads per core) family 6 model 60 stepping 3, cmov, cx8, fxsr, mmx, sse, sse2, sse3, ssse3, sse4.1, sse4.2, popcnt, avx, avx2, aes, clmul, erms, lzcnt, tsc, tscinvbit, bmi1, bmi2

Memory: 4k page, physical 16674968k(11183216k free), swap 33348076k(26331148k free)

vm_info: Java HotSpot(TM) 64-Bit Server VM (25.101-b13) for windows-amd64 JRE (1.8.0_101-b13), built on Jun 22 2016 01:21:29 by "java_re" with MS VC++ 10.0 (VS2010)

time: Thu May 11 13:42:52 2017
elapsed time: 15859 seconds (0d 4h 24m 19s)

